c:\users\user\source\repos\sejlahoroskop\sejlahoroskop\x64\debug\vc143.pdb
c:\users\user\source\repos\sejlahoroskop\sejlahoroskop\x64\debug\.netframework,version=v4.7.2.assemblyattributes.obj
c:\users\user\source\repos\sejlahoroskop\sejlahoroskop\x64\debug\resform.obj
c:\users\user\source\repos\sejlahoroskop\sejlahoroskop\x64\debug\natform.obj
c:\users\user\source\repos\sejlahoroskop\sejlahoroskop\x64\debug\natalnaform.obj
c:\users\user\source\repos\sejlahoroskop\sejlahoroskop\x64\debug\mainform.obj
c:\users\user\source\repos\sejlahoroskop\sejlahoroskop\x64\debug\main.obj
c:\users\user\source\repos\sejlahoroskop\sejlahoroskop\x64\debug\horoscopecalculator.obj
c:\users\user\source\repos\sejlahoroskop\x64\debug\sejlahoroskop.exe
c:\users\user\source\repos\sejlahoroskop\x64\debug\sejlahoroskop.pdb
c:\users\user\source\repos\sejlahoroskop\sejlahoroskop\x64\debug\sejlahoroskop.res
c:\users\user\source\repos\sejlahoroskop\sejlahoroskop\x64\debug\sejlahoroskop.tlog\cl.command.1.tlog
c:\users\user\source\repos\sejlahoroskop\sejlahoroskop\x64\debug\sejlahoroskop.tlog\cl.items.tlog
c:\users\user\source\repos\sejlahoroskop\sejlahoroskop\x64\debug\sejlahoroskop.tlog\cl.read.1.tlog
c:\users\user\source\repos\sejlahoroskop\sejlahoroskop\x64\debug\sejlahoroskop.tlog\cl.write.1.tlog
c:\users\user\source\repos\sejlahoroskop\sejlahoroskop\x64\debug\sejlahoroskop.tlog\link.command.1.tlog
c:\users\user\source\repos\sejlahoroskop\sejlahoroskop\x64\debug\sejlahoroskop.tlog\link.read.1.tlog
c:\users\user\source\repos\sejlahoroskop\sejlahoroskop\x64\debug\sejlahoroskop.tlog\link.write.1.tlog
c:\users\user\source\repos\sejlahoroskop\sejlahoroskop\x64\debug\sejlahoroskop.tlog\metagen.read.1.tlog
c:\users\user\source\repos\sejlahoroskop\sejlahoroskop\x64\debug\sejlahoroskop.tlog\metagen.write.1.tlog
c:\users\user\source\repos\sejlahoroskop\sejlahoroskop\x64\debug\sejlahoroskop.tlog\rc.command.1.tlog
c:\users\user\source\repos\sejlahoroskop\sejlahoroskop\x64\debug\sejlahoroskop.tlog\rc.read.1.tlog
c:\users\user\source\repos\sejlahoroskop\sejlahoroskop\x64\debug\sejlahoroskop.tlog\rc.write.1.tlog
c:\users\user\source\repos\sejlahoroskop\sejlahoroskop\x64\debug\sejlahoroskop.tlog\resgen.command.1.tlog
c:\users\user\source\repos\sejlahoroskop\sejlahoroskop\x64\debug\sejlahoroskop.tlog\resgen.read.1.tlog
c:\users\user\source\repos\sejlahoroskop\sejlahoroskop\x64\debug\sejlahoroskop.tlog\resgen.write.1.tlog
